  Blackjack.cpp

Project Performance Summary:
      151 ms  D:\UEstudy\dev\Blackjack-\Blackjack\Blackjack\Blackjack.vcxproj   1 calls
                151 ms  ClCompile                                  1 calls

Target Performance Summary:
        0 ms  _SplitProjectReferencesByFileExistence     1 calls
        0 ms  ResolveReferences                          1 calls
        0 ms  AfterResolveReferences                     1 calls
        0 ms  ResolveAssemblyReferences                  1 calls
        0 ms  ExpandSDKReferences                        1 calls
        0 ms  ResolveSDKReferences                       1 calls
        0 ms  ResolveProjectReferences                   1 calls
        0 ms  PrepareProjectReferences                   1 calls
        0 ms  _AddOutputPathToGlobalPropertiesToRemove   1 calls
        0 ms  SelectClCompile                            1 calls
        0 ms  BeforeResolveReferences                    1 calls
        0 ms  FindReferenceAssembliesForReferences       1 calls
        0 ms  ComputeCLInputPDBName                      1 calls
        0 ms  _SelectedFiles                             1 calls
        0 ms  ComputeReferenceCLInput                    1 calls
        0 ms  WarnCompileDuplicatedFilename              1 calls
        0 ms  SelectCustomBuild                          1 calls
        0 ms  SetCABuildNativeEnvironmentVariables       1 calls
        0 ms  GetReferenceAssemblyPaths                  1 calls
        0 ms  _CheckWindowsSDKInstalled                  1 calls
        0 ms  GetResolvedWinMD                           1 calls
        0 ms  _PrepareForReferenceResolution             1 calls
        0 ms  ComputeMIDLGeneratedCompileInputs          1 calls
        0 ms  GetReferencedVCProjectsInfo                1 calls
        1 ms  AssignProjectConfiguration                 1 calls
        1 ms  GetFrameworkPaths                          1 calls
        1 ms  _GetProjectReferenceTargetFrameworkProperties   1 calls
        1 ms  SetBuildDefaultEnvironmentVariables        1 calls
        1 ms  AddExternalIncludDirectoriesToPaths        1 calls
        1 ms  FixupCLCompileOptions                      1 calls
        1 ms  _CheckForInvalidConfigurationAndPlatform   1 calls
        2 ms  InitializeBuildStatus                      1 calls
        4 ms  PrepareForBuild                            1 calls
      137 ms  ClCompile                                  1 calls

Task Performance Summary:
        0 ms  Message                                    2 calls
        0 ms  CheckVCToolsetVersion                      1 calls
        0 ms  ReadLinesFromFile                          1 calls
        0 ms  WriteLinesToFile                           1 calls
        0 ms  AssignProjectConfiguration                 1 calls
        0 ms  SetRidAgnosticValueForProjects             1 calls
        0 ms  Delete                                     1 calls
        1 ms  MakeDir                                    2 calls
        1 ms  SetEnv                                     6 calls
        1 ms  MSBuild                                    1 calls
        1 ms  Touch                                      1 calls
      134 ms  CL                                         1 calls
